2017-04-25 18:13:26,418 manager INFO 1.1.0
2017-04-25 18:13:26,420 manager INFO Copyright (C) 2003-2010
2017-04-25 18:13:26,420 manager INFO   Noriaki Ando
2017-04-25 18:13:26,420 manager INFO   Intelligent Systems Research Institute, AIST
2017-04-25 18:13:26,420 manager INFO Manager starting.
2017-04-25 18:13:26,420 manager INFO Starting local logging.
2017-04-25 18:13:28,436 manager.namingmanager INFO NameServer connection failed: corba/localhost
2017-04-25 18:13:30,444 ManagerServant INFO Master manager not found
2017-04-25 18:13:30,448 manager WARNING Traceback (most recent call last):
  File "OpenRTM_aist\Manager.pyo", line 1900, in initManagerServant
IOError: [Errno 2] No such file or directory: '/var/log/rtcmanager.ref'

2017-04-25 18:13:30,448 LocalServiceAdmin INFO All the local services are enabled.
2017-04-25 18:13:30,451 manager INFO Component type conf file: FloatSeqToVelocity.conf loaded.
2017-04-25 18:13:30,453 ec_base INFO setRate(1000000.000000) done
2017-04-25 18:13:30,453 ec_base INFO setRate(1000.000000) done
2017-04-25 18:13:30,453 rtobject INFO 1 execution context was created.
2017-04-25 18:13:30,456 rtobject INFO Initial active configuration set is default.
2017-04-25 18:13:40,490 manager.namingmanager INFO NameServer connection failed: corba/localhost
2017-04-25 18:13:40,490 manager.namingmanager INFO Connected to a name server: corba/localhost
2017-04-25 18:13:50,605 manager.namingmanager INFO Name server: localhost (corba) disappeared.
2017-04-25 18:14:00,736 manager.namingmanager INFO NameServer connection succeeded: corba/localhost
2017-04-25 18:14:00,736 manager.namingmanager INFO Connected to a name server: corba/localhost
2017-04-25 18:14:05,013 ec_worker ERROR State of the RTC is not ACTIVE_STATE.
2017-04-25 18:14:05,015 ec_worker WARNING ExecutionContext is already stopped.
2017-04-25 18:14:05,015 ec_base ERROR Invoking on_shutdown() for each RTC failed.
